This file contains any messages produced by compilers while
running configure, to aid debugging if configure makes a mistake.

It was created by configure, which was
generated by GNU Autoconf 2.69.  Invocation command line was

  $ ./configure 

## --------- ##
## Platform. ##
## --------- ##

hostname = Neipo-PC
uname -m = i686
uname -r = 1.0.11(0.46/3/2)
uname -s = MINGW32_NT-6.1
uname -v = 2009-07-11 17:46

/usr/bin/uname -p = unknown
/bin/uname -X     = unknown

/bin/arch              = unknown
/usr/bin/arch -k       = unknown
/usr/convex/getsysinfo = unknown
/usr/bin/hostinfo      = unknown
/bin/machine           = unknown
/usr/bin/oslevel       = unknown
/bin/universe          = unknown

PATH: .
PATH: /usr/local/bin
PATH: /mingw/bin
PATH: /bin
PATH: /c/VulkanSDK/1.0.3.1/Bin
PATH: /c/VulkanSDK/1.0.3.1/Bin32
PATH: /c/ProgramData/Oracle/Java/javapath
PATH: /c/Program Files (x86)/NVIDIA Corporation/PhysX/Common
PATH: /c/Windows/system32
PATH: /c/Windows
PATH: /c/Windows/System32/Wbem
PATH: /c/Windows/System32/WindowsPowerShell/v1.0/
PATH: /c/Program Files (x86)/Microsoft SQL Server/90/Tools/binn/
PATH: /c/Program Files (x86)/Autodesk/Backburner/
PATH: /c/Program Files/TortoiseSVN/bin
PATH: /c/HaxeToolkit/haxe/
PATH: /c/HaxeToolkit/neko
PATH: /c/Program Files (x86)/CMake/bin
PATH: /mingw/bin
PATH: /c/Program Files (x86)/Skype/Phone
PATH: /c/make-4.2
PATH: /c/libxmp-master
PATH: .


## ----------- ##
## Core tests. ##
## ----------- ##

configure:2061: checking build system type
configure:2075: result: i686-pc-mingw32
configure:2095: checking host system type
configure:2108: result: i686-pc-mingw32
configure:2176: checking for gcc
configure:2192: found /mingw/bin/gcc
configure:2203: result: gcc
configure:2432: checking for C compiler version
configure:2441: gcc --version >&5
gcc.exe (GCC) 4.8.1
Copyright (C) 2013 Free Software Foundation, Inc.
This is free software; see the source for copying conditions.  There is NO
warranty; not even for MERCHANTABILITY or FITNESS FOR A PARTICULAR PURPOSE.

configure:2452: $? = 0
configure:2441: gcc -v >&5
Using built-in specs.
COLLECT_GCC=c:\mingw-4.8.1\bin\gcc.exe
COLLECT_LTO_WRAPPER=c:/mingw-4.8.1/bin/../libexec/gcc/mingw32/4.8.1/lto-wrapper.exe
Target: mingw32
Configured with: ../gcc-4.8.1/configure --prefix=/mingw --host=mingw32 --build=mingw32 --without-pic --enable-shared --enable-static --with-gnu-ld --enable-lto --enable-libssp --disable-multilib --enable-languages=c,c++,fortran,objc,obj-c++,ada --disable-sjlj-exceptions --with-dwarf2 --disable-win32-registry --enable-libstdcxx-debug --enable-version-specific-runtime-libs --with-gmp=/usr/src/pkg/gmp-5.1.2-1-mingw32-src/bld --with-mpc=/usr/src/pkg/mpc-1.0.1-1-mingw32-src/bld --with-mpfr= --with-system-zlib --with-gnu-as --enable-decimal-float=yes --enable-libgomp --enable-threads --with-libiconv-prefix=/mingw32 --with-libintl-prefix=/mingw --disable-bootstrap LDFLAGS=-s CFLAGS=-D_USE_32BIT_TIME_T
Thread model: win32
gcc version 4.8.1 (GCC) 
configure:2452: $? = 0
configure:2441: gcc -V >&5
gcc.exe: error: unrecognized command line option '-V'
gcc.exe: fatal error: no input files
compilation terminated.
configure:2452: $? = 1
configure:2441: gcc -qversion >&5
gcc.exe: error: unrecognized command line option '-qversion'
gcc.exe: fatal error: no input files
compilation terminated.
configure:2452: $? = 1
configure:2472: checking whether the C compiler works
configure:2494: gcc    conftest.c  >&5
configure:2498: $? = 0
configure:2546: result: yes
configure:2549: checking for C compiler default output file name
configure:2551: result: a.exe
configure:2557: checking for suffix of executables
configure:2564: gcc -o conftest.exe    conftest.c  >&5
configure:2568: $? = 0
configure:2590: result: .exe
configure:2612: checking whether we are cross compiling
configure:2620: gcc -o conftest.exe    conftest.c  >&5
configure:2624: $? = 0
configure:2631: ./conftest.exe
configure:2635: $? = 0
configure:2650: result: no
configure:2655: checking for suffix of object files
configure:2677: gcc -c   conftest.c >&5
configure:2681: $? = 0
configure:2702: result: o
configure:2706: checking whether we are using the GNU C compiler
configure:2725: gcc -c   conftest.c >&5
configure:2725: $? = 0
configure:2734: result: yes
configure:2743: checking whether gcc accepts -g
configure:2763: gcc -c -g  conftest.c >&5
configure:2763: $? = 0
configure:2804: result: yes
configure:2821: checking for gcc option to accept ISO C89
configure:2884: gcc  -c -g -O2  conftest.c >&5
configure:2884: $? = 0
configure:2897: result: none needed
configure:2931: checking for a BSD-compatible install
configure:2999: result: /bin/install -c
configure:3053: checking for ranlib
configure:3069: found /mingw/bin/ranlib
configure:3080: result: ranlib
configure:3108: checking how to run the C preprocessor
configure:3139: gcc -E  conftest.c
configure:3139: $? = 0
configure:3153: gcc -E  conftest.c
conftest.c:9:28: fatal error: ac_nonexistent.h: No such file or directory
 #include <ac_nonexistent.h>
                            ^
compilation terminated.
configure:3153: $? = 1
configure: failed program was:
| /* confdefs.h */
| #define PACKAGE_NAME ""
| #define PACKAGE_TARNAME ""
| #define PACKAGE_VERSION ""
| #define PACKAGE_STRING ""
| #define PACKAGE_BUGREPORT ""
| #define PACKAGE_URL ""
| /* end confdefs.h.  */
| #include <ac_nonexistent.h>
configure:3178: result: gcc -E
configure:3198: gcc -E  conftest.c
configure:3198: $? = 0
configure:3212: gcc -E  conftest.c
conftest.c:9:28: fatal error: ac_nonexistent.h: No such file or directory
 #include <ac_nonexistent.h>
                            ^
compilation terminated.
configure:3212: $? = 1
configure: failed program was:
| /* confdefs.h */
| #define PACKAGE_NAME ""
| #define PACKAGE_TARNAME ""
| #define PACKAGE_VERSION ""
| #define PACKAGE_STRING ""
| #define PACKAGE_BUGREPORT ""
| #define PACKAGE_URL ""
| /* end confdefs.h.  */
| #include <ac_nonexistent.h>
configure:3241: checking for grep that handles long lines and -e
configure:3299: result: /bin/grep
configure:3304: checking for egrep
configure:3366: result: /bin/grep -E
configure:3371: checking for ANSI C header files
configure:3391: gcc -c -g -O2  conftest.c >&5
configure:3391: $? = 0
configure:3464: gcc -o conftest.exe -g -O2   conftest.c  >&5
configure:3464: $? = 0
configure:3464: ./conftest.exe
configure:3464: $? = 0
configure:3475: result: yes
configure:3488: checking for sys/types.h
configure:3488: gcc -c -g -O2  conftest.c >&5
configure:3488: $? = 0
configure:3488: result: yes
configure:3488: checking for sys/stat.h
configure:3488: gcc -c -g -O2  conftest.c >&5
configure:3488: $? = 0
configure:3488: result: yes
configure:3488: checking for stdlib.h
configure:3488: gcc -c -g -O2  conftest.c >&5
configure:3488: $? = 0
configure:3488: result: yes
configure:3488: checking for string.h
configure:3488: gcc -c -g -O2  conftest.c >&5
configure:3488: $? = 0
configure:3488: result: yes
configure:3488: checking for memory.h
configure:3488: gcc -c -g -O2  conftest.c >&5
configure:3488: $? = 0
configure:3488: result: yes
configure:3488: checking for strings.h
configure:3488: gcc -c -g -O2  conftest.c >&5
configure:3488: $? = 0
configure:3488: result: yes
configure:3488: checking for inttypes.h
configure:3488: gcc -c -g -O2  conftest.c >&5
configure:3488: $? = 0
configure:3488: result: yes
configure:3488: checking for stdint.h
configure:3488: gcc -c -g -O2  conftest.c >&5
configure:3488: $? = 0
configure:3488: result: yes
configure:3488: checking for unistd.h
configure:3488: gcc -c -g -O2  conftest.c >&5
configure:3488: $? = 0
configure:3488: result: yes
configure:3500: checking whether byte ordering is bigendian
configure:3515: gcc -c -g -O2  conftest.c >&5
conftest.c:20:9: error: unknown type name 'not'
         not a universal capable compiler
         ^
conftest.c:20:15: error: expected '=', ',', ';', 'asm' or '__attribute__' before 'universal'
         not a universal capable compiler
               ^
conftest.c:20:15: error: unknown type name 'universal'
configure:3515: $? = 1
configure: failed program was:
| /* confdefs.h */
| #define PACKAGE_NAME ""
| #define PACKAGE_TARNAME ""
| #define PACKAGE_VERSION ""
| #define PACKAGE_STRING ""
| #define PACKAGE_BUGREPORT ""
| #define PACKAGE_URL ""
| #define STDC_HEADERS 1
| #define HAVE_SYS_TYPES_H 1
| #define HAVE_SYS_STAT_H 1
| #define HAVE_STDLIB_H 1
| #define HAVE_STRING_H 1
| #define HAVE_MEMORY_H 1
| #define HAVE_STRINGS_H 1
| #define HAVE_INTTYPES_H 1
| #define HAVE_STDINT_H 1
| #define HAVE_UNISTD_H 1
| /* end confdefs.h.  */
| #ifndef __APPLE_CC__
| 	       not a universal capable compiler
| 	     #endif
| 	     typedef int dummy;
| 
configure:3560: gcc -c -g -O2  conftest.c >&5
configure:3560: $? = 0
configure:3578: gcc -c -g -O2  conftest.c >&5
conftest.c: In function 'main':
conftest.c:26:4: error: unknown type name 'not'
    not big endian
    ^
conftest.c:26:12: error: expected '=', ',', ';', 'asm' or '__attribute__' before 'endian'
    not big endian
            ^
configure:3578: $? = 1
configure: failed program was:
| /* confdefs.h */
| #define PACKAGE_NAME ""
| #define PACKAGE_TARNAME ""
| #define PACKAGE_VERSION ""
| #define PACKAGE_STRING ""
| #define PACKAGE_BUGREPORT ""
| #define PACKAGE_URL ""
| #define STDC_HEADERS 1
| #define HAVE_SYS_TYPES_H 1
| #define HAVE_SYS_STAT_H 1
| #define HAVE_STDLIB_H 1
| #define HAVE_STRING_H 1
| #define HAVE_MEMORY_H 1
| #define HAVE_STRINGS_H 1
| #define HAVE_INTTYPES_H 1
| #define HAVE_STDINT_H 1
| #define HAVE_UNISTD_H 1
| /* end confdefs.h.  */
| #include <sys/types.h>
| 		#include <sys/param.h>
| 
| int
| main ()
| {
| #if BYTE_ORDER != BIG_ENDIAN
| 		 not big endian
| 		#endif
| 
|   ;
|   return 0;
| }
configure:3706: result: no
configure:3749: checking for _WIN32 defined
configure:3771: gcc -c -g -O2  conftest.c >&5
configure:3771: $? = 0
configure:3778: result: yes
configure:3836: checking whether compiler understands -Wall
configure:3849: gcc -c -g -O2 -DBUILDING_DLL -Wall  conftest.c >&5
conftest.c: In function 'main':
conftest.c:20:3: warning: control reaches end of non-void function [-Wreturn-type]
   int main(){}
   ^
configure:3849: $? = 0
configure:3857: result: yes
configure:3864: checking whether compiler understands -xldscope=hidden
configure:3877: gcc -c -g -O2 -DBUILDING_DLL -Wall -xldscope=hidden  conftest.c >&5
gcc.exe: error: language ldscope=hidden not recognized
gcc.exe: error: language ldscope=hidden not recognized
configure:3877: $? = 1
configure: failed program was:
| /* confdefs.h */
| #define PACKAGE_NAME ""
| #define PACKAGE_TARNAME ""
| #define PACKAGE_VERSION ""
| #define PACKAGE_STRING ""
| #define PACKAGE_BUGREPORT ""
| #define PACKAGE_URL ""
| #define STDC_HEADERS 1
| #define HAVE_SYS_TYPES_H 1
| #define HAVE_SYS_STAT_H 1
| #define HAVE_STDLIB_H 1
| #define HAVE_STRING_H 1
| #define HAVE_MEMORY_H 1
| #define HAVE_STRINGS_H 1
| #define HAVE_INTTYPES_H 1
| #define HAVE_STDINT_H 1
| #define HAVE_UNISTD_H 1
| /* end confdefs.h.  */
| 
|   int main(){}
configure:3885: result: no
configure:3891: checking whether compiler understands -fvisibility=hidden
configure:3904: gcc -c -g -O2 -DBUILDING_DLL -Wall -fvisibility=hidden  conftest.c >&5
conftest.c: In function 'main':
conftest.c:20:5: warning: control reaches end of non-void function [-Wreturn-type]
     int main(){}
     ^
configure:3904: $? = 0
configure:3912: result: yes
configure:3922: checking whether compiler understands -Wunknown-warning-option
configure:3935: gcc -c -g -O2 -DBUILDING_DLL -Wall -Wunknown-warning-option  conftest.c >&5
gcc.exe: error: unrecognized command line option '-Wunknown-warning-option'
configure:3935: $? = 1
configure: failed program was:
| /* confdefs.h */
| #define PACKAGE_NAME ""
| #define PACKAGE_TARNAME ""
| #define PACKAGE_VERSION ""
| #define PACKAGE_STRING ""
| #define PACKAGE_BUGREPORT ""
| #define PACKAGE_URL ""
| #define STDC_HEADERS 1
| #define HAVE_SYS_TYPES_H 1
| #define HAVE_SYS_STAT_H 1
| #define HAVE_STDLIB_H 1
| #define HAVE_STRING_H 1
| #define HAVE_MEMORY_H 1
| #define HAVE_STRINGS_H 1
| #define HAVE_INTTYPES_H 1
| #define HAVE_STDINT_H 1
| #define HAVE_UNISTD_H 1
| /* end confdefs.h.  */
| 
|   int main(){}
configure:3943: result: no
configure:3950: checking whether compiler understands -Wunused-but-set-variable
configure:3963: gcc -c -g -O2 -DBUILDING_DLL -Wall -Wunused-but-set-variable  conftest.c >&5
conftest.c: In function 'main':
conftest.c:20:3: warning: control reaches end of non-void function [-Wreturn-type]
   int main(){}
   ^
configure:3963: $? = 0
configure:3971: result: yes
configure:3978: checking whether compiler understands -Wunused-result
configure:3991: gcc -c -g -O2 -DBUILDING_DLL -Wall -Wno-unused-but-set-variable -Wunused-result  conftest.c >&5
conftest.c: In function 'main':
conftest.c:20:3: warning: control reaches end of non-void function [-Wreturn-type]
   int main(){}
   ^
configure:3991: $? = 0
configure:3999: result: yes
configure:4006: checking whether compiler understands -Warray-bounds
configure:4019: gcc -c -g -O2 -DBUILDING_DLL -Wall -Wno-unused-but-set-variable -Wno-unused-result -Warray-bounds  conftest.c >&5
conftest.c: In function 'main':
conftest.c:20:3: warning: control reaches end of non-void function [-Wreturn-type]
   int main(){}
   ^
configure:4019: $? = 0
configure:4027: result: yes
configure:4034: checking whether alloca() needs alloca.h
configure:4048: gcc -c -g -O2 -DBUILDING_DLL -Wall -Wno-unused-but-set-variable -Wno-unused-result -Wno-array-bounds   conftest.c >&5
conftest.c:20:22: fatal error: alloca.h: No such file or directory
   #include <alloca.h>
                      ^
compilation terminated.
configure:4048: $? = 1
configure: failed program was:
| /* confdefs.h */
| #define PACKAGE_NAME ""
| #define PACKAGE_TARNAME ""
| #define PACKAGE_VERSION ""
| #define PACKAGE_STRING ""
| #define PACKAGE_BUGREPORT ""
| #define PACKAGE_URL ""
| #define STDC_HEADERS 1
| #define HAVE_SYS_TYPES_H 1
| #define HAVE_SYS_STAT_H 1
| #define HAVE_STDLIB_H 1
| #define HAVE_STRING_H 1
| #define HAVE_MEMORY_H 1
| #define HAVE_STRINGS_H 1
| #define HAVE_INTTYPES_H 1
| #define HAVE_STDINT_H 1
| #define HAVE_UNISTD_H 1
| /* end confdefs.h.  */
| 
|   #include <alloca.h>
|   int main(){}
configure:4056: result: no
configure:4063: checking for pow in -lm
configure:4088: gcc -o conftest.exe -g -O2 -DBUILDING_DLL -Wall -Wno-unused-but-set-variable -Wno-unused-result -Wno-array-bounds   -fvisibility=hidden conftest.c -lm   >&5
conftest.c:26:6: warning: conflicting types for built-in function 'pow' [enabled by default]
 char pow ();
      ^
configure:4088: $? = 0
configure:4097: result: yes
configure:4111: checking for popen
configure:4111: gcc -o conftest.exe -g -O2 -DBUILDING_DLL -Wall -Wno-unused-but-set-variable -Wno-unused-result -Wno-array-bounds   -fvisibility=hidden conftest.c -lm  >&5
configure:4111: $? = 0
configure:4111: result: yes
configure:4111: checking for mkstemp
configure:4111: gcc -o conftest.exe -g -O2 -DBUILDING_DLL -Wall -Wno-unused-but-set-variable -Wno-unused-result -Wno-array-bounds   -fvisibility=hidden conftest.c -lm  >&5
C:\Users\SERGEA~1\AppData\Local\Temp\ccc1qLbW.o: In function `main':
c:\mingw-4.8.1\libraries\libxmp-4.4.0/conftest.c:55: undefined reference to `mkstemp'
collect2.exe: error: ld returned 1 exit status
configure:4111: $? = 1
configure: failed program was:
| /* confdefs.h */
| #define PACKAGE_NAME ""
| #define PACKAGE_TARNAME ""
| #define PACKAGE_VERSION ""
| #define PACKAGE_STRING ""
| #define PACKAGE_BUGREPORT ""
| #define PACKAGE_URL ""
| #define STDC_HEADERS 1
| #define HAVE_SYS_TYPES_H 1
| #define HAVE_SYS_STAT_H 1
| #define HAVE_STDLIB_H 1
| #define HAVE_STRING_H 1
| #define HAVE_MEMORY_H 1
| #define HAVE_STRINGS_H 1
| #define HAVE_INTTYPES_H 1
| #define HAVE_STDINT_H 1
| #define HAVE_UNISTD_H 1
| #define HAVE_LIBM 1
| #define HAVE_POPEN 1
| /* end confdefs.h.  */
| /* Define mkstemp to an innocuous variant, in case <limits.h> declares mkstemp.
|    For example, HP-UX 11i <limits.h> declares gettimeofday.  */
| #define mkstemp innocuous_mkstemp
| 
| /* System header to define __stub macros and hopefully few prototypes,
|     which can conflict with char mkstemp (); below.
|     Prefer <limits.h> to <assert.h> if __STDC__ is defined, since
|     <limits.h> exists even on freestanding compilers.  */
| 
| #ifdef __STDC__
| # include <limits.h>
| #else
| # include <assert.h>
| #endif
| 
| #undef mkstemp
| 
| /* Override any GCC internal prototype to avoid an error.
|    Use char because int might match the return type of a GCC
|    builtin and then its argument prototype would still apply.  */
| #ifdef __cplusplus
| extern "C"
| #endif
| char mkstemp ();
| /* The GNU C library defines this for functions which it implements
|     to always fail with ENOSYS.  Some functions are actually named
|     something starting with __ and the normal name is an alias.  */
| #if defined __stub_mkstemp || defined __stub___mkstemp
| choke me
| #endif
| 
| int
| main ()
| {
| return mkstemp ();
|   ;
|   return 0;
| }
configure:4111: result: no
configure:4111: checking for fnmatch
configure:4111: gcc -o conftest.exe -g -O2 -DBUILDING_DLL -Wall -Wno-unused-but-set-variable -Wno-unused-result -Wno-array-bounds   -fvisibility=hidden conftest.c -lm  >&5
C:\Users\SERGEA~1\AppData\Local\Temp\ccexZtPp.o: In function `main':
c:\mingw-4.8.1\libraries\libxmp-4.4.0/conftest.c:55: undefined reference to `fnmatch'
collect2.exe: error: ld returned 1 exit status
configure:4111: $? = 1
configure: failed program was:
| /* confdefs.h */
| #define PACKAGE_NAME ""
| #define PACKAGE_TARNAME ""
| #define PACKAGE_VERSION ""
| #define PACKAGE_STRING ""
| #define PACKAGE_BUGREPORT ""
| #define PACKAGE_URL ""
| #define STDC_HEADERS 1
| #define HAVE_SYS_TYPES_H 1
| #define HAVE_SYS_STAT_H 1
| #define HAVE_STDLIB_H 1
| #define HAVE_STRING_H 1
| #define HAVE_MEMORY_H 1
| #define HAVE_STRINGS_H 1
| #define HAVE_INTTYPES_H 1
| #define HAVE_STDINT_H 1
| #define HAVE_UNISTD_H 1
| #define HAVE_LIBM 1
| #define HAVE_POPEN 1
| /* end confdefs.h.  */
| /* Define fnmatch to an innocuous variant, in case <limits.h> declares fnmatch.
|    For example, HP-UX 11i <limits.h> declares gettimeofday.  */
| #define fnmatch innocuous_fnmatch
| 
| /* System header to define __stub macros and hopefully few prototypes,
|     which can conflict with char fnmatch (); below.
|     Prefer <limits.h> to <assert.h> if __STDC__ is defined, since
|     <limits.h> exists even on freestanding compilers.  */
| 
| #ifdef __STDC__
| # include <limits.h>
| #else
| # include <assert.h>
| #endif
| 
| #undef fnmatch
| 
| /* Override any GCC internal prototype to avoid an error.
|    Use char because int might match the return type of a GCC
|    builtin and then its argument prototype would still apply.  */
| #ifdef __cplusplus
| extern "C"
| #endif
| char fnmatch ();
| /* The GNU C library defines this for functions which it implements
|     to always fail with ENOSYS.  Some functions are actually named
|     something starting with __ and the normal name is an alias.  */
| #if defined __stub_fnmatch || defined __stub___fnmatch
| choke me
| #endif
| 
| int
| main ()
| {
| return fnmatch ();
|   ;
|   return 0;
| }
configure:4111: result: no
configure:4111: checking for umask
configure:4111: gcc -o conftest.exe -g -O2 -DBUILDING_DLL -Wall -Wno-unused-but-set-variable -Wno-unused-result -Wno-array-bounds   -fvisibility=hidden conftest.c -lm  >&5
configure:4111: $? = 0
configure:4111: result: yes
configure:4275: creating ./config.status

## ---------------------- ##
## Running config.status. ##
## ---------------------- ##

This file was extended by config.status, which was
generated by GNU Autoconf 2.69.  Invocation command line was

  CONFIG_FILES    = 
  CONFIG_HEADERS  = 
  CONFIG_LINKS    = 
  CONFIG_COMMANDS = 
  $ ./config.status 

on Neipo-PC

config.status:740: creating Makefile
config.status:740: creating libxmp.pc

## ---------------- ##
## Cache variables. ##
## ---------------- ##

ac_cv_build=i686-pc-mingw32
ac_cv_c_bigendian=no
ac_cv_c_compiler_gnu=yes
ac_cv_c_flag_f_visibility_hidden=yes
ac_cv_c_flag_w_all=yes
ac_cv_c_flag_w_array_bounds=yes
ac_cv_c_flag_w_have_alloca_h=no
ac_cv_c_flag_w_unknown_warning_option=no
ac_cv_c_flag_w_unused_but_set_variable=yes
ac_cv_c_flag_w_unused_result=yes
ac_cv_c_flag_xldscope_hidden=no
ac_cv_defined__WIN32=yes
ac_cv_env_CC_set=
ac_cv_env_CC_value=
ac_cv_env_CFLAGS_set=
ac_cv_env_CFLAGS_value=
ac_cv_env_CPPFLAGS_set=
ac_cv_env_CPPFLAGS_value=
ac_cv_env_CPP_set=
ac_cv_env_CPP_value=
ac_cv_env_LDFLAGS_set=
ac_cv_env_LDFLAGS_value=
ac_cv_env_LIBS_set=
ac_cv_env_LIBS_value=
ac_cv_env_build_alias_set=
ac_cv_env_build_alias_value=
ac_cv_env_host_alias_set=
ac_cv_env_host_alias_value=
ac_cv_env_target_alias_set=
ac_cv_env_target_alias_value=
ac_cv_exeext=.exe
ac_cv_func_fnmatch=no
ac_cv_func_mkstemp=no
ac_cv_func_popen=yes
ac_cv_func_umask=yes
ac_cv_header_inttypes_h=yes
ac_cv_header_memory_h=yes
ac_cv_header_stdc=yes
ac_cv_header_stdint_h=yes
ac_cv_header_stdlib_h=yes
ac_cv_header_string_h=yes
ac_cv_header_strings_h=yes
ac_cv_header_sys_stat_h=yes
ac_cv_header_sys_types_h=yes
ac_cv_header_unistd_h=yes
ac_cv_host=i686-pc-mingw32
ac_cv_lib_m_pow=yes
ac_cv_objext=o
ac_cv_path_EGREP='/bin/grep -E'
ac_cv_path_GREP=/bin/grep
ac_cv_path_install='/bin/install -c'
ac_cv_prog_CPP='gcc -E'
ac_cv_prog_ac_ct_CC=gcc
ac_cv_prog_ac_ct_RANLIB=ranlib
ac_cv_prog_cc_c89=
ac_cv_prog_cc_g=yes

## ----------------- ##
## Output variables. ##
## ----------------- ##

CC='gcc'
CFLAGS='-g -O2 -DBUILDING_DLL -Wall -Wno-unused-but-set-variable -Wno-unused-result -Wno-array-bounds'
CPP='gcc -E'
CPPFLAGS=''
DEFS='-DPACKAGE_NAME=\"\" -DPACKAGE_TARNAME=\"\" -DPACKAGE_VERSION=\"\" -DPACKAGE_STRING=\"\" -DPACKAGE_BUGREPORT=\"\" -DPACKAGE_URL=\"\" -DSTDC_HEADERS=1 -DHAVE_SYS_TYPES_H=1 -DHAVE_SYS_STAT_H=1 -DHAVE_STDLIB_H=1 -DHAVE_STRING_H=1 -DHAVE_MEMORY_H=1 -DHAVE_STRINGS_H=1 -DHAVE_INTTYPES_H=1 -DHAVE_STDINT_H=1 -DHAVE_UNISTD_H=1 -DHAVE_LIBM=1 -DHAVE_POPEN=1 -DHAVE_UMASK=1'
ECHO_C=''
ECHO_N='-n'
ECHO_T=''
EGREP='/bin/grep -E'
EXEEXT='.exe'
GREP='/bin/grep'
INSTALL_DATA='${INSTALL} -m 644'
INSTALL_PROGRAM='${INSTALL}'
INSTALL_SCRIPT='${INSTALL}'
LDFLAGS=' -fvisibility=hidden'
LD_VERSCRIPT='-Wl,--version-script,libxmp.map'
LIBOBJS=''
LIBS='-lm '
LTLIBOBJS=''
OBJEXT='o'
PACKAGE_BUGREPORT=''
PACKAGE_NAME=''
PACKAGE_STRING=''
PACKAGE_TARNAME=''
PACKAGE_URL=''
PACKAGE_VERSION=''
PATH_SEPARATOR=':'
RANLIB='ranlib'
SHARED='dll'
SHELL='/bin/sh'
STATIC=''
ac_ct_CC='gcc'
bindir='${exec_prefix}/bin'
build='i686-pc-mingw32'
build_alias=''
build_cpu='i686'
build_os='mingw32'
build_vendor='pc'
datadir='${datarootdir}'
datarootdir='${prefix}/share'
docdir='${datarootdir}/doc/${PACKAGE}'
dvidir='${docdir}'
exec_prefix='${prefix}'
host='i686-pc-mingw32'
host_alias=''
host_cpu='i686'
host_os='mingw32'
host_vendor='pc'
htmldir='${docdir}'
includedir='${prefix}/include'
infodir='${datarootdir}/info'
libdir='${exec_prefix}/lib'
libexecdir='${exec_prefix}/libexec'
localedir='${datarootdir}/locale'
localstatedir='${prefix}/var'
mandir='${datarootdir}/man'
oldincludedir='/usr/include'
pdfdir='${docdir}'
prefix='/usr/local'
program_transform_name='s,x,x,'
psdir='${docdir}'
sbindir='${exec_prefix}/sbin'
sharedstatedir='${prefix}/com'
sysconfdir='${prefix}/etc'
target_alias=''

## ----------- ##
## confdefs.h. ##
## ----------- ##

/* confdefs.h */
#define PACKAGE_NAME ""
#define PACKAGE_TARNAME ""
#define PACKAGE_VERSION ""
#define PACKAGE_STRING ""
#define PACKAGE_BUGREPORT ""
#define PACKAGE_URL ""
#define STDC_HEADERS 1
#define HAVE_SYS_TYPES_H 1
#define HAVE_SYS_STAT_H 1
#define HAVE_STDLIB_H 1
#define HAVE_STRING_H 1
#define HAVE_MEMORY_H 1
#define HAVE_STRINGS_H 1
#define HAVE_INTTYPES_H 1
#define HAVE_STDINT_H 1
#define HAVE_UNISTD_H 1
#define HAVE_LIBM 1
#define HAVE_POPEN 1
#define HAVE_UMASK 1

configure: exit 0
