C:/myPrograms/OpenALWrapper/GameAudio/Sound/SoundBuffer.h:29: warning: Found unknown command `\detail'
C:/myPrograms/OpenALWrapper/GameContent/AudioManager.h:40: warning: Found unknown command `\detail'
C:/myPrograms/OpenALWrapper/GameAudio/Capture/CaptureDevice.h:37: warning: Found unknown command `\detail'
C:/myPrograms/OpenALWrapper/GameAudio/System/AudioSystem.h:30: warning: Found unknown command `\detail'
C:/myPrograms/OpenALWrapper/GameAudio/Stream/Stream.h:30: warning: Found unknown command `\detail'
C:/myPrograms/OpenALWrapper/GameAudio/Sound/Sound.h:33: warning: Found unknown command `\detail'
C:/myPrograms/OpenALWrapper/GameAudio/Music/Music.h:38: warning: Found unknown command `\detail'
C:/myPrograms/OpenALWrapper/GameAudio/Sound/Sound3D.h:36: warning: Found unknown command `\detail'
C:/myPrograms/OpenALWrapper/GameAudio/Sound/Sound2D.h:36: warning: Found unknown command `\detail'
C:/myPrograms/OpenALWrapper/GameAudio/Stream/Stream3D.h:31: warning: Found unknown command `\detail'
C:/myPrograms/OpenALWrapper/GameAudio/Stream/Stream2D.h:31: warning: Found unknown command `\detail'
C:/myPrograms/OpenALWrapper/GameAudio/Source/Source.h:24: warning: Found unknown command `\detail'
C:/myPrograms/OpenALWrapper/GameAudio/Utils/OpenALVector2D.h:16: warning: Found unknown command `\detail'
C:/myPrograms/OpenALWrapper/GameAudio/Utils/OpenALVector3D.h:16: warning: Found unknown command `\detail'
C:/myPrograms/OpenALWrapper/GameContent/AudioManager.h:40: warning: Found unknown command `\detail'
C:/myPrograms/OpenALWrapper/GameContent/AudioManager.h:10: warning: Found unknown command `\Author'
C:/myPrograms/OpenALWrapper/GameContent/AudioManager.h:40: warning: Found unknown command `\detail'
C:/myPrograms/OpenALWrapper/GameContent/AudioManager.h:40: warning: Found unknown command `\detail'
C:/myPrograms/OpenALWrapper/GameAudio/System/AudioSystem.h:30: warning: Found unknown command `\detail'
C:/myPrograms/OpenALWrapper/GameAudio/System/AudioSystem.h:30: warning: Found unknown command `\detail'
C:/myPrograms/OpenALWrapper/GameAudio/System/AudioSystem.h:227: warning: argument 'directiony' of command @param is not found in the argument list of AudioSystem::setListenerDirection(float directionX, float directionY, float directionZ, float upX, float upY, float upZ)
C:/myPrograms/OpenALWrapper/GameAudio/System/AudioSystem.h:227: warning: argument 'directiony' of command @param is not found in the argument list of AudioSystem::setListenerDirection(float directionX, float directionY, float directionZ, float upX, float upY, float upZ)
C:/myPrograms/OpenALWrapper/GameAudio/System/AudioSystem.h:227: warning: The following parameters of AudioSystem::setListenerDirection(float directionX, float directionY, float directionZ, float upX, float upY, float upZ) are not documented:
  parameter 'directionY'
  parameter 'directionZ'
C:/myPrograms/OpenALWrapper/GameAudio/Capture/CaptureDevice.h:37: warning: Found unknown command `\detail'
C:/myPrograms/OpenALWrapper/GameAudio/Capture/CaptureDevice.h:37: warning: Found unknown command `\detail'
C:/myPrograms/OpenALWrapper/GameAudio/Capture/CaptureDevice.h:73: warning: The following parameters of CaptureDevice::open(int frequency, int format, int bufferSize) are not documented:
  parameter 'bufferSize'
C:/myPrograms/OpenALWrapper/GameAudio/Music/Music.h:38: warning: Found unknown command `\detail'
C:/myPrograms/OpenALWrapper/GameAudio/Music/Music.h:38: warning: Found unknown command `\detail'
C:/myPrograms/OpenALWrapper/GameAudio/Utils/OpenALVector2D.h:16: warning: Found unknown command `\detail'
C:/myPrograms/OpenALWrapper/GameAudio/Utils/OpenALVector2D.h:16: warning: Found unknown command `\detail'
C:/myPrograms/OpenALWrapper/GameAudio/Utils/OpenALVector3D.h:16: warning: Found unknown command `\detail'
C:/myPrograms/OpenALWrapper/GameAudio/Utils/OpenALVector3D.h:16: warning: Found unknown command `\detail'
C:/myPrograms/OpenALWrapper/GameAudio/Sound/Sound.h:33: warning: Found unknown command `\detail'
C:/myPrograms/OpenALWrapper/GameAudio/Sound/Sound.h:33: warning: Found unknown command `\detail'
C:/myPrograms/OpenALWrapper/GameAudio/Sound/Sound2D.h:36: warning: Found unknown command `\detail'
C:/myPrograms/OpenALWrapper/GameAudio/Sound/Sound2D.h:36: warning: Found unknown command `\detail'
C:/myPrograms/OpenALWrapper/GameAudio/Sound/Sound3D.h:36: warning: Found unknown command `\detail'
C:/myPrograms/OpenALWrapper/GameAudio/Sound/Sound3D.h:36: warning: Found unknown command `\detail'
C:/myPrograms/OpenALWrapper/GameAudio/Sound/SoundBuffer.h:29: warning: Found unknown command `\detail'
C:/myPrograms/OpenALWrapper/GameAudio/Sound/SoundBuffer.h:29: warning: Found unknown command `\detail'
C:/myPrograms/OpenALWrapper/GameAudio/Source/Source.h:24: warning: Found unknown command `\detail'
C:/myPrograms/OpenALWrapper/GameAudio/Source/Source.h:24: warning: Found unknown command `\detail'
C:/myPrograms/OpenALWrapper/GameAudio/Stream/Stream.h:30: warning: Found unknown command `\detail'
C:/myPrograms/OpenALWrapper/GameAudio/Stream/Stream.h:30: warning: Found unknown command `\detail'
C:/myPrograms/OpenALWrapper/GameAudio/Stream/Stream2D.h:31: warning: Found unknown command `\detail'
C:/myPrograms/OpenALWrapper/GameAudio/Stream/Stream2D.h:31: warning: Found unknown command `\detail'
C:/myPrograms/OpenALWrapper/GameAudio/Stream/Stream3D.h:31: warning: Found unknown command `\detail'
C:/myPrograms/OpenALWrapper/GameAudio/Stream/Stream3D.h:31: warning: Found unknown command `\detail'
C:/myPrograms/OpenALWrapper/GameContent/AudioManager.h:40: warning: Found unknown command `\detail'
C:/myPrograms/OpenALWrapper/GameAudio/System/AudioSystem.h:30: warning: Found unknown command `\detail'
C:/myPrograms/OpenALWrapper/GameAudio/Capture/CaptureDevice.h:37: warning: Found unknown command `\detail'
C:/myPrograms/OpenALWrapper/GameAudio/Music/Music.h:38: warning: Found unknown command `\detail'
C:/myPrograms/OpenALWrapper/GameAudio/Utils/OpenALVector2D.h:16: warning: Found unknown command `\detail'
C:/myPrograms/OpenALWrapper/GameAudio/Utils/OpenALVector3D.h:16: warning: Found unknown command `\detail'
C:/myPrograms/OpenALWrapper/GameAudio/Sound/Sound.h:33: warning: Found unknown command `\detail'
C:/myPrograms/OpenALWrapper/GameAudio/Sound/Sound2D.h:36: warning: Found unknown command `\detail'
C:/myPrograms/OpenALWrapper/GameAudio/Sound/Sound3D.h:36: warning: Found unknown command `\detail'
C:/myPrograms/OpenALWrapper/GameAudio/Sound/SoundBuffer.h:29: warning: Found unknown command `\detail'
C:/myPrograms/OpenALWrapper/GameAudio/Source/Source.h:24: warning: Found unknown command `\detail'
C:/myPrograms/OpenALWrapper/GameAudio/Stream/Stream.h:30: warning: Found unknown command `\detail'
C:/myPrograms/OpenALWrapper/GameAudio/Stream/Stream2D.h:31: warning: Found unknown command `\detail'
C:/myPrograms/OpenALWrapper/GameAudio/Stream/Stream3D.h:31: warning: Found unknown command `\detail'
C:/myPrograms/OpenALWrapper/GameContent/AudioManager.h:40: warning: Found unknown command `\detail'
C:/myPrograms/OpenALWrapper/GameAudio/System/AudioSystem.h:30: warning: Found unknown command `\detail'
C:/myPrograms/OpenALWrapper/GameAudio/Capture/CaptureDevice.h:37: warning: Found unknown command `\detail'
C:/myPrograms/OpenALWrapper/GameAudio/Utils/OpenALVector2D.h:16: warning: Found unknown command `\detail'
C:/myPrograms/OpenALWrapper/GameAudio/Utils/OpenALVector3D.h:16: warning: Found unknown command `\detail'
C:/myPrograms/OpenALWrapper/GameAudio/Sound/SoundBuffer.h:29: warning: Found unknown command `\detail'
C:/myPrograms/OpenALWrapper/GameAudio/Source/Source.h:24: warning: Found unknown command `\detail'
C:/myPrograms/OpenALWrapper/GameAudio/Music/Music.h:38: warning: Found unknown command `\detail'
C:/myPrograms/OpenALWrapper/GameAudio/Sound/Sound.h:33: warning: Found unknown command `\detail'
C:/myPrograms/OpenALWrapper/GameAudio/Sound/Sound2D.h:36: warning: Found unknown command `\detail'
C:/myPrograms/OpenALWrapper/GameAudio/Sound/Sound3D.h:36: warning: Found unknown command `\detail'
C:/myPrograms/OpenALWrapper/GameAudio/Stream/Stream.h:30: warning: Found unknown command `\detail'
C:/myPrograms/OpenALWrapper/GameAudio/Stream/Stream2D.h:31: warning: Found unknown command `\detail'
C:/myPrograms/OpenALWrapper/GameAudio/Stream/Stream3D.h:31: warning: Found unknown command `\detail'
